生成启动时间为 2016/4/26 20:30:20。
     1>项目“D:\Program Files (x86)\Microsoft Visual Studio 10.0\Projects\chat\ChatServer\ChatServer\ChatServer.vcxproj”在节点 2 上(build 个目标)。
     1>InitializeBuildStatus:
         正在创建“Debug\ChatServer.unsuccessfulbuild”，因为已指定“AlwaysCreate”。
       ClCompile:
         所有输出均为最新。
         所有输出均为最新。
       ResourceCompile:
         所有输出均为最新。
       ManifestResourceCompile:
         所有输出均为最新。
       Link:
         所有输出均为最新。
       Manifest:
         C:\Program Files (x86)\Microsoft SDKs\Windows\v7.0A\bin\mt.exe /nologo /verbose /out:"Debug\ChatServer.exe.embed.manifest" /manifest Debug\ChatServer.exe.intermediate.manifest "D:\Program Files (x86)\Microsoft Visual Studio 10.0\VC\Include\Manifest\dpiaware.manifest"
         所有输出均为最新。
       FinalizeBuildStatus:
         正在删除文件“Debug\ChatServer.unsuccessfulbuild”。
         正在对“Debug\ChatServer.lastbuildstate”执行 Touch 任务。
     1>已完成生成项目“D:\Program Files (x86)\Microsoft Visual Studio 10.0\Projects\chat\ChatServer\ChatServer\ChatServer.vcxproj”(build 个目标)的操作。

生成成功。

已用时间 00:00:00.65
