生成启动时间为 2016/3/7 18:51:44。
     1>项目“D:\Program Files (x86)\Microsoft Visual Studio 10.0\Projects\chat\ChatClient\ChatClient\ChatClient.vcxproj”在节点 2 上(build 个目标)。
     1>InitializeBuildStatus:
         正在创建“Debug\ChatClient.unsuccessfulbuild”，因为已指定“AlwaysCreate”。
       ClCompile:
         D:\Program Files (x86)\Microsoft Visual Studio 10.0\VC\bin\CL.exe /c /ZI /nologo /W3 /WX- /Od /Oy- /D WIN32 /D _WINDOWS /D _DEBUG /D _UNICODE /D UNICODE /Gm /EHsc /RTC1 /MTd /GS /fp:precise /Zc:wchar_t /Zc:forScope /Yc"StdAfx.h" /Fp"Debug\ChatClient.pch" /Fo"Debug\\" /Fd"Debug\vc100.pdb" /Gd /TP /analyze- /errorReport:prompt stdafx.cpp
         stdafx.cpp
         D:\Program Files (x86)\Microsoft Visual Studio 10.0\VC\bin\CL.exe /c /ZI /nologo /W3 /WX- /Od /Oy- /D WIN32 /D _WINDOWS /D _DEBUG /D _UNICODE /D UNICODE /Gm /EHsc /RTC1 /MTd /GS /fp:precise /Zc:wchar_t /Zc:forScope /Yu"StdAfx.h" /Fp"Debug\ChatClient.pch" /Fo"Debug\\" /Fd"Debug\vc100.pdb" /Gd /TP /analyze- /errorReport:prompt Beiwanglu.cpp Calculator.cpp ChatClient.cpp ChatClientDlg.cpp ChatWindowDlg.cpp ClientSocket.cpp DateCaculator.cpp LoginDlg.cpp Regist.cpp SetMsg.cpp Srdz.cpp
         正在跳过...(未检测到相关更改)
         Srdz.cpp
         SetMsg.cpp
         Regist.cpp
         LoginDlg.cpp
         DateCaculator.cpp
         ClientSocket.cpp
         ChatWindowDlg.cpp
         ChatClientDlg.cpp
         ChatClient.cpp
         Calculator.cpp
         Beiwanglu.cpp
       ResourceCompile:
         C:\Program Files (x86)\Microsoft SDKs\Windows\v7.0A\bin\rc.exe /D _DEBUG /D _UNICODE /D UNICODE /l"0x0804" /IDebug\ /nologo /fo"Debug\ChatClient.res" ChatClient.rc 
       ManifestResourceCompile:
         C:\Program Files (x86)\Microsoft SDKs\Windows\v7.0A\bin\rc.exe /nologo /fo"Debug\ChatClient.exe.embed.manifest.res" Debug\ChatClient_manifest.rc 
       Link:
         D:\Program Files (x86)\Microsoft Visual Studio 10.0\VC\bin\link.exe /ERRORREPORT:PROMPT /OUT:"D:\Program Files (x86)\Microsoft Visual Studio 10.0\Projects\chat\ChatClient\Debug\ChatClient.exe" /INCREMENTAL /NOLOGO /MANIFEST /ManifestFile:"Debug\ChatClient.exe.intermediate.manifest" /MANIFESTUAC:"level='asInvoker' uiAccess='false'" /DEBUG /PDB:"D:\Program Files (x86)\Microsoft Visual Studio 10.0\Projects\chat\ChatClient\Debug\ChatClient.pdb" /SUBSYSTEM:WINDOWS /TLBID:1 /ENTRY:"wWinMainCRTStartup" /DYNAMICBASE /NXCOMPAT /IMPLIB:"D:\Program Files (x86)\Microsoft Visual Studio 10.0\Projects\chat\ChatClient\Debug\ChatClient.lib" /MACHINE:X86 Debug\ChatClient.res
         Debug\ChatClient.exe.embed.manifest.res
         Debug\Beiwanglu.obj
         Debug\Calculator.obj
         Debug\ChatClient.obj
         Debug\ChatClientDlg.obj
         Debug\ChatWindowDlg.obj
         Debug\ClientSocket.obj
         Debug\DateCaculator.obj
         Debug\LoginDlg.obj
         Debug\Regist.obj
         Debug\SetMsg.obj
         Debug\Srdz.obj
         Debug\stdafx.obj
       Manifest:
         C:\Program Files (x86)\Microsoft SDKs\Windows\v7.0A\bin\mt.exe /nologo /verbose /out:"Debug\ChatClient.exe.embed.manifest" /manifest Debug\ChatClient.exe.intermediate.manifest "D:\Program Files (x86)\Microsoft Visual Studio 10.0\VC\Include\Manifest\dpiaware.manifest"
         所有输出均为最新。
       LinkEmbedManifest:
         所有输出均为最新。
         ChatClient.vcxproj -> D:\Program Files (x86)\Microsoft Visual Studio 10.0\Projects\chat\ChatClient\Debug\ChatClient.exe
       FinalizeBuildStatus:
         正在删除文件“Debug\ChatClient.unsuccessfulbuild”。
         正在对“Debug\ChatClient.lastbuildstate”执行 Touch 任务。
     1>已完成生成项目“D:\Program Files (x86)\Microsoft Visual Studio 10.0\Projects\chat\ChatClient\ChatClient\ChatClient.vcxproj”(build 个目标)的操作。

生成成功。

已用时间 00:00:22.79
